2017-07-06 09:17:35,190 [28] ERROR EPiServer.Find.Cms.ContentEventIndexer: An exception occurred while indexing (IContent). Ett undantagsfel har inträffat i målet för en aktivering..
System.Reflection.TargetInvocationException: Ett undantagsfel har inträffat i målet för en aktivering. ---> System.NullReferenceException: Objektreferensen har inte angetts till en instans av ett objekt.
   vid EPiServer.Find.Cms.CmsUnifiedSearchSetUp.ContentExternalUrl(ContentReference contentLink, CultureInfo contentLanguage, Boolean absoluteUrl)
   vid EPiServer.Find.Cms.CmsUnifiedSearchSetUp.GetContentUrl(ContentReference contentLink, String language)
   vid lambda_method(Closure , PageData )
   --- Slut på stackspårning för interna undantag ---
   vid System.RuntimeMethodHandle.InvokeMethod(Object target, Object[] arguments, Signature sig, Boolean constructor)
   vid System.Reflection.RuntimeMethodInfo.UnsafeInvokeInternal(Object obj, Object[] parameters, Object[] arguments)
   vid System.Delegate.DynamicInvokeImpl(Object[] args)
   vid EPiServer.Find.UnifiedSearch.IndexProjection.GetUrl(Object o)
   vid EPiServer.Find.UnifiedSearch.UnifiedSearchFieldsInterceptor.<ModifyContract>b__3_10(Object x)
   vid EPiServer.Find.DelegateValueProvider`2.GetValue(Object target)
   vid Newtonsoft.Json.Serialization.JsonSerializerInternalWriter.CalculatePropertyValues(JsonWriter writer, Object value, JsonContainerContract contract, JsonProperty member, JsonProperty property, JsonContract& memberContract, Object& memberValue)
   vid Newtonsoft.Json.Serialization.JsonSerializerInternalWriter.SerializeObject(JsonWriter writer, Object value, JsonObjectContract contract, JsonProperty member, JsonContainerContract collectionContract, JsonProperty containerProperty)
   vid Newtonsoft.Json.Serialization.JsonSerializerInternalWriter.SerializeValue(JsonWriter writer, Object value, JsonContract valueContract, JsonProperty member, JsonContainerContract containerContract, JsonProperty containerProperty)
   vid Newtonsoft.Json.Serialization.JsonSerializerInternalWriter.Serialize(JsonWriter jsonWriter, Object value, Type objectType)
   vid Newtonsoft.Json.Serialization.JsonSerializerProxy.SerializeInternal(JsonWriter jsonWriter, Object value, Type rootType)
   vid EPiServer.Find.Api.BulkActionConverter.WriteJson(JsonWriter writer, Object value, JsonSerializer serializer)
   vid Newtonsoft.Json.Serialization.JsonSerializerInternalWriter.SerializeConvertable(JsonWriter writer, JsonConverter converter, Object value, JsonContract contract, JsonContainerContract collectionContract, JsonProperty containerProperty)
   vid Newtonsoft.Json.Serialization.JsonSerializerInternalWriter.SerializeValue(JsonWriter writer, Object value, JsonContract valueContract, JsonProperty member, JsonContainerContract containerContract, JsonProperty containerProperty)
   vid Newtonsoft.Json.Serialization.JsonSerializerInternalWriter.Serialize(JsonWriter jsonWriter, Object value, Type objectType)
   vid Newtonsoft.Json.JsonSerializer.SerializeInternal(JsonWriter jsonWriter, Object value, Type objectType)
   vid EPiServer.Find.Json.Serializer.SerializeToTextWriter(JsonSerializer serializer, Object value, TextWriter textWriter)
   vid EPiServer.Find.Json.Serializer.SerializeObjectsToJsonRequest(JsonSerializer serializer, IJsonRequest jsonRequest, IEnumerable values)
   vid EPiServer.Find.Api.BulkCommand.Execute()
   vid EPiServer.Find.Client.Index(IEnumerable objectsToIndex)
   vid EPiServer.Find.Cms.ContentIndexer.IndexWithRetry(IContent[] contents, Int32 maxRetries)
   vid EPiServer.Find.Cms.ContentIndexer.Index(IEnumerable`1 content, IndexOptions options)
   vid EPiServer.Find.Cms.ContentIndexer.IndexFrom(ContentReference contentLink, Boolean includeRootPage, IndexOptions indexOptions)
   vid EPiServer.Find.Cms.ContentEventIndexer.<>c__DisplayClass25_2.<IndexPageQueue>b__3()
   vid EPiServer.Find.Cms.ContentEventIndexer.Sync(IEnumerable`1 contentToIndex, HashSet`1 contentToIndexSet, Func`1 index)
   vid EPiServer.Find.Cms.ContentEventIndexer.IndexPageQueue(IEnumerable`1 contentToIndex)
   vid EPiServer.Find.Cms.ContentEventIndexer.IndexPageQueue()
System.Reflection.TargetInvocationException: Ett undantagsfel har inträffat i målet för en aktivering. ---> System.NullReferenceException: Objektreferensen har inte angetts till en instans av ett objekt.
   vid EPiServer.Find.Cms.CmsUnifiedSearchSetUp.ContentExternalUrl(ContentReference contentLink, CultureInfo contentLanguage, Boolean absoluteUrl)
   vid EPiServer.Find.Cms.CmsUnifiedSearchSetUp.GetContentUrl(ContentReference contentLink, String language)
   vid lambda_method(Closure , PageData )
   --- Slut på stackspårning för interna undantag ---
   vid System.RuntimeMethodHandle.InvokeMethod(Object target, Object[] arguments, Signature sig, Boolean constructor)
   vid System.Reflection.RuntimeMethodInfo.UnsafeInvokeInternal(Object obj, Object[] parameters, Object[] arguments)
   vid System.Delegate.DynamicInvokeImpl(Object[] args)
   vid EPiServer.Find.UnifiedSearch.IndexProjection.GetUrl(Object o)
   vid EPiServer.Find.UnifiedSearch.UnifiedSearchFieldsInterceptor.<ModifyContract>b__3_10(Object x)
   vid EPiServer.Find.DelegateValueProvider`2.GetValue(Object target)
   vid Newtonsoft.Json.Serialization.JsonSerializerInternalWriter.CalculatePropertyValues(JsonWriter writer, Object value, JsonContainerContract contract, JsonProperty member, JsonProperty property, JsonContract& memberContract, Object& memberValue)
   vid Newtonsoft.Json.Serialization.JsonSerializerInternalWriter.SerializeObject(JsonWriter writer, Object value, JsonObjectContract contract, JsonProperty member, JsonContainerContract collectionContract, JsonProperty containerProperty)
   vid Newtonsoft.Json.Serialization.JsonSerializerInternalWriter.SerializeValue(JsonWriter writer, Object value, JsonContract valueContract, JsonProperty member, JsonContainerContract containerContract, JsonProperty containerProperty)
   vid Newtonsoft.Json.Serialization.JsonSerializerInternalWriter.Serialize(JsonWriter jsonWriter, Object value, Type objectType)
   vid Newtonsoft.Json.Serialization.JsonSerializerProxy.SerializeInternal(JsonWriter jsonWriter, Object value, Type rootType)
   vid EPiServer.Find.Api.BulkActionConverter.WriteJson(JsonWriter writer, Object value, JsonSerializer serializer)
   vid Newtonsoft.Json.Serialization.JsonSerializerInternalWriter.SerializeConvertable(JsonWriter writer, JsonConverter converter, Object value, JsonContract contract, JsonContainerContract collectionContract, JsonProperty containerProperty)
   vid Newtonsoft.Json.Serialization.JsonSerializerInternalWriter.SerializeValue(JsonWriter writer, Object value, JsonContract valueContract, JsonProperty member, JsonContainerContract containerContract, JsonProperty containerProperty)
   vid Newtonsoft.Json.Serialization.JsonSerializerInternalWriter.Serialize(JsonWriter jsonWriter, Object value, Type objectType)
   vid Newtonsoft.Json.JsonSerializer.SerializeInternal(JsonWriter jsonWriter, Object value, Type objectType)
   vid EPiServer.Find.Json.Serializer.SerializeToTextWriter(JsonSerializer serializer, Object value, TextWriter textWriter)
   vid EPiServer.Find.Json.Serializer.SerializeObjectsToJsonRequest(JsonSerializer serializer, IJsonRequest jsonRequest, IEnumerable values)
   vid EPiServer.Find.Api.BulkCommand.Execute()
   vid EPiServer.Find.Client.Index(IEnumerable objectsToIndex)
   vid EPiServer.Find.Cms.ContentIndexer.IndexWithRetry(IContent[] contents, Int32 maxRetries)
   vid EPiServer.Find.Cms.ContentIndexer.Index(IEnumerable`1 content, IndexOptions options)
   vid EPiServer.Find.Cms.ContentIndexer.IndexFrom(ContentReference contentLink, Boolean includeRootPage, IndexOptions indexOptions)
   vid EPiServer.Find.Cms.ContentEventIndexer.<>c__DisplayClass25_2.<IndexPageQueue>b__3()
   vid EPiServer.Find.Cms.ContentEventIndexer.Sync(IEnumerable`1 contentToIndex, HashSet`1 contentToIndexSet, Func`1 index)
   vid EPiServer.Find.Cms.ContentEventIndexer.IndexPageQueue(IEnumerable`1 contentToIndex)
   vid EPiServer.Find.Cms.ContentEventIndexer.IndexPageQueue()
2017-07-06 15:20:04,252 [80] ERROR EPiServer.Global: 1.2.5 Unhandled exception in ASP.NET
System.Web.HttpRequestValidationException (0x80004005): A potentially dangerous Request.Form value was detected from the client (q="V&#228;stra G&#246;ta...").
   at System.Web.HttpRequest.ValidateString(String value, String collectionKey, RequestValidationSource requestCollection)
   at System.Web.HttpRequest.<>c__DisplayClass280_0.<ValidateHttpValueCollection>b__0(String key, String value)
   at System.Web.HttpValueCollection.EnsureKeyValidated(String key)
   at System.Web.HttpValueCollection.GetValues(String name)
   at System.Web.Mvc.NameValueCollectionValueProvider.ValueProviderResultPlaceholder.GetResultFromCollection(String key, NameValueCollection collection, CultureInfo culture)
   at System.Web.Mvc.NameValueCollectionValueProvider.GetValue(String key, Boolean skipValidation)
   at System.Web.Mvc.ValueProviderCollection.GetValue(String key, Boolean skipValidation)
   at System.Web.Mvc.DefaultModelBinder.BindModel(ControllerContext controllerContext, ModelBindingContext bindingContext)
   at System.Web.Mvc.ControllerActionInvoker.GetParameterValue(ControllerContext controllerContext, ParameterDescriptor parameterDescriptor)
   at System.Web.Mvc.ControllerActionInvoker.GetParameterValues(ControllerContext controllerContext, ActionDescriptor actionDescriptor)
   at System.Web.Mvc.Async.AsyncControllerActionInvoker.<>c__DisplayClass21.<BeginInvokeAction>b__19(AsyncCallback asyncCallback, Object asyncState)
   at System.Web.Mvc.Async.AsyncResultWrapper.WrappedAsyncResult`1.CallBeginDelegate(AsyncCallback callback, Object callbackState)
   at System.Web.Mvc.Async.AsyncResultWrapper.WrappedAsyncResultBase`1.Begin(AsyncCallback callback, Object state, Int32 timeout)
   at System.Web.Mvc.Async.AsyncControllerActionInvoker.BeginInvokeAction(ControllerContext controllerContext, String actionName, AsyncCallback callback, Object state)
   at System.Web.Mvc.Controller.<BeginExecuteCore>b__1c(AsyncCallback asyncCallback, Object asyncState, ExecuteCoreState innerState)
   at System.Web.Mvc.Async.AsyncResultWrapper.WrappedAsyncVoid`1.CallBeginDelegate(AsyncCallback callback, Object callbackState)
   at System.Web.Mvc.Async.AsyncResultWrapper.WrappedAsyncResultBase`1.Begin(AsyncCallback callback, Object state, Int32 timeout)
   at System.Web.Mvc.Controller.BeginExecuteCore(AsyncCallback callback, Object state)
   at System.Web.Mvc.Controller.<BeginExecute>b__14(AsyncCallback asyncCallback, Object callbackState, Controller controller)
   at System.Web.Mvc.Async.AsyncResultWrapper.WrappedAsyncVoid`1.CallBeginDelegate(AsyncCallback callback, Object callbackState)
   at System.Web.Mvc.Async.AsyncResultWrapper.WrappedAsyncResultBase`1.Begin(AsyncCallback callback, Object state, Int32 timeout)
   at System.Web.Mvc.Controller.BeginExecute(RequestContext requestContext, AsyncCallback callback, Object state)
   at System.Web.Mvc.Controller.System.Web.Mvc.Async.IAsyncController.BeginExecute(RequestContext requestContext, AsyncCallback callback, Object state)
   at System.Web.Mvc.MvcHandler.<BeginProcessRequest>b__4(AsyncCallback asyncCallback, Object asyncState, ProcessRequestState innerState)
   at System.Web.Mvc.Async.AsyncResultWrapper.WrappedAsyncVoid`1.CallBeginDelegate(AsyncCallback callback, Object callbackState)
   at System.Web.Mvc.Async.AsyncResultWrapper.WrappedAsyncResultBase`1.Begin(AsyncCallback callback, Object state, Int32 timeout)
   at System.Web.Mvc.MvcHandler.BeginProcessRequest(HttpContextBase httpContext, AsyncCallback callback, Object state)
   at System.Web.Mvc.MvcHandler.BeginProcessRequest(HttpContext httpContext, AsyncCallback callback, Object state)
   at System.Web.Mvc.MvcHandler.System.Web.IHttpAsyncHandler.BeginProcessRequest(HttpContext context, AsyncCallback cb, Object extraData)
   at System.Web.HttpApplication.CallHandlerExecutionStep.System.Web.HttpApplication.IExecutionStep.Execute()
   at System.Web.HttpApplication.ExecuteStep(IExecutionStep step, Boolean& completedSynchronously)
System.Web.HttpRequestValidationException (0x80004005): A potentially dangerous Request.Form value was detected from the client (q="V&#228;stra G&#246;ta...").
   at System.Web.HttpRequest.ValidateString(String value, String collectionKey, RequestValidationSource requestCollection)
   at System.Web.HttpRequest.<>c__DisplayClass280_0.<ValidateHttpValueCollection>b__0(String key, String value)
   at System.Web.HttpValueCollection.EnsureKeyValidated(String key)
   at System.Web.HttpValueCollection.GetValues(String name)
   at System.Web.Mvc.NameValueCollectionValueProvider.ValueProviderResultPlaceholder.GetResultFromCollection(String key, NameValueCollection collection, CultureInfo culture)
   at System.Web.Mvc.NameValueCollectionValueProvider.GetValue(String key, Boolean skipValidation)
   at System.Web.Mvc.ValueProviderCollection.GetValue(String key, Boolean skipValidation)
   at System.Web.Mvc.DefaultModelBinder.BindModel(ControllerContext controllerContext, ModelBindingContext bindingContext)
   at System.Web.Mvc.ControllerActionInvoker.GetParameterValue(ControllerContext controllerContext, ParameterDescriptor parameterDescriptor)
   at System.Web.Mvc.ControllerActionInvoker.GetParameterValues(ControllerContext controllerContext, ActionDescriptor actionDescriptor)
   at System.Web.Mvc.Async.AsyncControllerActionInvoker.<>c__DisplayClass21.<BeginInvokeAction>b__19(AsyncCallback asyncCallback, Object asyncState)
   at System.Web.Mvc.Async.AsyncResultWrapper.WrappedAsyncResult`1.CallBeginDelegate(AsyncCallback callback, Object callbackState)
   at System.Web.Mvc.Async.AsyncResultWrapper.WrappedAsyncResultBase`1.Begin(AsyncCallback callback, Object state, Int32 timeout)
   at System.Web.Mvc.Async.AsyncControllerActionInvoker.BeginInvokeAction(ControllerContext controllerContext, String actionName, AsyncCallback callback, Object state)
   at System.Web.Mvc.Controller.<BeginExecuteCore>b__1c(AsyncCallback asyncCallback, Object asyncState, ExecuteCoreState innerState)
   at System.Web.Mvc.Async.AsyncResultWrapper.WrappedAsyncVoid`1.CallBeginDelegate(AsyncCallback callback, Object callbackState)
   at System.Web.Mvc.Async.AsyncResultWrapper.WrappedAsyncResultBase`1.Begin(AsyncCallback callback, Object state, Int32 timeout)
   at System.Web.Mvc.Controller.BeginExecuteCore(AsyncCallback callback, Object state)
   at System.Web.Mvc.Controller.<BeginExecute>b__14(AsyncCallback asyncCallback, Object callbackState, Controller controller)
   at System.Web.Mvc.Async.AsyncResultWrapper.WrappedAsyncVoid`1.CallBeginDelegate(AsyncCallback callback, Object callbackState)
   at System.Web.Mvc.Async.AsyncResultWrapper.WrappedAsyncResultBase`1.Begin(AsyncCallback callback, Object state, Int32 timeout)
   at System.Web.Mvc.Controller.BeginExecute(RequestContext requestContext, AsyncCallback callback, Object state)
   at System.Web.Mvc.Controller.System.Web.Mvc.Async.IAsyncController.BeginExecute(RequestContext requestContext, AsyncCallback callback, Object state)
   at System.Web.Mvc.MvcHandler.<BeginProcessRequest>b__4(AsyncCallback asyncCallback, Object asyncState, ProcessRequestState innerState)
   at System.Web.Mvc.Async.AsyncResultWrapper.WrappedAsyncVoid`1.CallBeginDelegate(AsyncCallback callback, Object callbackState)
   at System.Web.Mvc.Async.AsyncResultWrapper.WrappedAsyncResultBase`1.Begin(AsyncCallback callback, Object state, Int32 timeout)
   at System.Web.Mvc.MvcHandler.BeginProcessRequest(HttpContextBase httpContext, AsyncCallback callback, Object state)
   at System.Web.Mvc.MvcHandler.BeginProcessRequest(HttpContext httpContext, AsyncCallback callback, Object state)
   at System.Web.Mvc.MvcHandler.System.Web.IHttpAsyncHandler.BeginProcessRequest(HttpContext context, AsyncCallback cb, Object extraData)
   at System.Web.HttpApplication.CallHandlerExecutionStep.System.Web.HttpApplication.IExecutionStep.Execute()
   at System.Web.HttpApplication.ExecuteStep(IExecutionStep step, Boolean& completedSynchronously)
